2025-12-24 16:05:24,118 - MyOS - INFO - 验证日志功能
2025-12-24 16:15:15,340 - MyOS - INFO - 验证日志功能
2025-12-24 16:15:54,630 - MyOS - INFO - 启动My OS系统
2025-12-24 16:15:54,631 - MyOS - INFO - 正在检查第三方软件...
2025-12-24 16:15:57,005 - MyOS - INFO - 依赖安装成功！
2025-12-24 16:20:26,473 - MyOS - INFO - 启动My OS系统
2025-12-24 16:20:26,473 - MyOS - INFO - 正在检查第三方软件...
2025-12-24 16:20:28,335 - MyOS - INFO - 依赖安装成功！
2025-12-24 16:20:36,978 - MyOS - INFO - 用户 default 登录成功
2025-12-24 16:51:20,369 - MyOS - INFO - 启动My OS系统
2025-12-24 16:51:20,370 - MyOS - INFO - 正在检查第三方软件...
2025-12-24 16:51:21,923 - MyOS - INFO - 依赖安装成功！
2025-12-24 16:51:27,684 - MyOS - INFO - 用户 default 登录成功
2025-12-24 16:51:27,738 - MyOS - INFO - 启动BIOS引导序列
2025-12-24 16:51:32,398 - MyOS - INFO - 从BIOS加载操作系统
2025-12-24 16:54:11,181 - MyOS - INFO - 启动My OS系统
2025-12-24 16:54:11,182 - MyOS - INFO - 正在检查第三方软件...
2025-12-24 16:54:12,601 - MyOS - INFO - 依赖安装成功！
2025-12-24 16:54:18,105 - MyOS - INFO - 用户 default 登录成功
2025-12-24 16:54:18,153 - MyOS - INFO - 启动BIOS引导序列
2025-12-24 16:54:22,781 - MyOS - INFO - 从BIOS加载操作系统
2025-12-24 16:54:28,676 - MyOS - INFO - BIOS引导序列完成
2025-12-24 16:54:28,677 - MyOS - INFO - My OS系统关闭
